<?xml version="1.0" encoding="UTF-8"?>
<testng-results ignored="0" total="1" passed="1" failed="0" skipped="0">
  <reporter-output>
  </reporter-output>
  <suite started-at="2021-09-12T19:59:57 PDT" name="Default suite" finished-at="2021-09-12T20:00:05 PDT" duration-ms="8210">
    <groups>
      <group name="cucumber">
        <method signature="AbstractTestNGCucumberTests.feature(cucumber.api.testng.CucumberFeatureWrapper)[pri:0, instance:TestRunne.TestRun@49dc7102]" name="feature" class="cucumber.api.testng.AbstractTestNGCucumberTests"/>
      </group> <!-- cucumber -->
    </groups>
    <test started-at="2021-09-12T19:59:57 PDT" name="Default test" finished-at="2021-09-12T20:00:05 PDT" duration-ms="8210">
      <class name="TestRunne.TestRun">
        <test-method is-config="true" signature="setUpClass()[pri:0, instance:TestRunne.TestRun@49dc7102]" started-at="2021-09-12T19:59:57 PDT" name="setUpClass" finished-at="2021-09-12T19:59:57 PDT" duration-ms="315" status="PASS">
          <reporter-output>
          </reporter-output>
        </test-method> <!-- setUpClass -->
        <test-method signature="feature(cucumber.api.testng.CucumberFeatureWrapper)[pri:0, instance:TestRunne.TestRun@49dc7102]" started-at="2021-09-12T19:59:57 PDT" name="feature" description="Runs Cucumber Feature" data-provider="features" finished-at="2021-09-12T20:00:05 PDT" duration-ms="7706" status="PASS">
          <params>
            <param index="0">
              <value>
                <![CDATA[Good Morning]]>
              </value>
            </param>
          </params>
          <reporter-output>
          </reporter-output>
        </test-method> <!-- feature -->
        <test-method is-config="true" signature="tearDownClass()[pri:0, instance:TestRunne.TestRun@49dc7102]" started-at="2021-09-12T20:00:05 PDT" name="tearDownClass" finished-at="2021-09-12T20:00:05 PDT" duration-ms="13" status="PASS">
          <reporter-output>
          </reporter-output>
        </test-method> <!-- tearDownClass -->
      </class> <!-- TestRunne.TestRun -->
    </test> <!-- Default test -->
  </suite> <!-- Default suite -->
</testng-results>
